2024-05-14 23:06:52 0 [Note] Starting MariaDB 10.4.32-MariaDB source revision c4143f909528e3fab0677a28631d10389354c491 as process 11168
2024-05-14 23:06:52 0 [Note] InnoDB: Mutexes and rw_locks use Windows interlocked functions
2024-05-14 23:06:52 0 [Note] InnoDB: Uses event mutexes
2024-05-14 23:06:52 0 [Note] InnoDB: Compressed tables use zlib 1.3
2024-05-14 23:06:52 0 [Note] InnoDB: Number of pools: 1
2024-05-14 23:06:52 0 [Note] InnoDB: Using SSE2 crc32 instructions
2024-05-14 23:06:52 0 [Note] InnoDB: Initializing buffer pool, total size = 16M, instances = 1, chunk size = 16M
2024-05-14 23:06:52 0 [Note] InnoDB: Completed initialization of buffer pool
2024-05-14 23:06:52 0 [Note] InnoDB: Starting crash recovery from checkpoint LSN=300288
2024-05-14 23:06:52 0 [Note] InnoDB: 128 out of 128 rollback segments are active.
2024-05-14 23:06:52 0 [Note] InnoDB: Removed temporary tablespace data file: "ibtmp1"
2024-05-14 23:06:52 0 [Note] InnoDB: Creating shared tablespace for temporary tables
2024-05-14 23:06:52 0 [Note] InnoDB: Setting file 'C:\Users\LC230919\Desktop\Laravel-maj\mysql\data\ibtmp1' size to 12 MB. Physically writing the file full; Please wait ...
2024-05-14 23:06:52 0 [Note] InnoDB: File 'C:\Users\LC230919\Desktop\Laravel-maj\mysql\data\ibtmp1' size is now 12 MB.
2024-05-14 23:06:52 0 [Note] InnoDB: Waiting for purge to start
2024-05-14 23:06:53 0 [Note] InnoDB: 10.4.32 started; log sequence number 300297; transaction id 170
2024-05-14 23:06:53 0 [Note] InnoDB: Loading buffer pool(s) from C:\Users\LC230919\Desktop\Laravel-maj\mysql\data\ib_buffer_pool
2024-05-14 23:06:53 0 [Note] Plugin 'FEEDBACK' is disabled.
2024-05-14 23:06:53 0 [Note] InnoDB: Buffer pool(s) load completed at 240514 23:06:53
2024-05-14 23:06:53 0 [Note] Server socket created on IP: '::'.
2024-05-15 16:16:47 0 [Note] Starting MariaDB 10.4.32-MariaDB source revision c4143f909528e3fab0677a28631d10389354c491 as process 2144
2024-05-15 16:16:47 0 [Note] InnoDB: Mutexes and rw_locks use Windows interlocked functions
2024-05-15 16:16:47 0 [Note] InnoDB: Uses event mutexes
2024-05-15 16:16:47 0 [Note] InnoDB: Compressed tables use zlib 1.3
2024-05-15 16:16:47 0 [Note] InnoDB: Number of pools: 1
2024-05-15 16:16:47 0 [Note] InnoDB: Using SSE2 crc32 instructions
2024-05-15 16:16:47 0 [Note] InnoDB: Initializing buffer pool, total size = 16M, instances = 1, chunk size = 16M
2024-05-15 16:16:47 0 [Note] InnoDB: Completed initialization of buffer pool
2024-05-15 16:16:47 0 [Note] InnoDB: Starting crash recovery from checkpoint LSN=853085
2024-05-15 16:16:48 0 [Note] InnoDB: 128 out of 128 rollback segments are active.
2024-05-15 16:16:48 0 [Note] InnoDB: Removed temporary tablespace data file: "ibtmp1"
2024-05-15 16:16:48 0 [Note] InnoDB: Creating shared tablespace for temporary tables
2024-05-15 16:16:48 0 [Note] InnoDB: Setting file 'C:\Users\LC230919\Desktop\Laravel-maj\mysql\data\ibtmp1' size to 12 MB. Physically writing the file full; Please wait ...
2024-05-15 16:16:48 0 [Note] InnoDB: File 'C:\Users\LC230919\Desktop\Laravel-maj\mysql\data\ibtmp1' size is now 12 MB.
2024-05-15 16:16:48 0 [Note] InnoDB: Waiting for purge to start
2024-05-15 16:16:48 0 [Note] InnoDB: 10.4.32 started; log sequence number 853094; transaction id 741
2024-05-15 16:16:48 0 [Note] InnoDB: Loading buffer pool(s) from C:\Users\LC230919\Desktop\Laravel-maj\mysql\data\ib_buffer_pool
2024-05-15 16:16:48 0 [Note] Plugin 'FEEDBACK' is disabled.
2024-05-15 16:16:48 0 [Note] InnoDB: Buffer pool(s) load completed at 240515 16:16:48
2024-05-15 16:16:48 0 [Note] Server socket created on IP: '::'.
2024-05-17 19:17:43 0 [Note] Starting MariaDB 10.4.32-MariaDB source revision c4143f909528e3fab0677a28631d10389354c491 as process 18236
2024-05-17 19:17:43 0 [Note] InnoDB: Mutexes and rw_locks use Windows interlocked functions
2024-05-17 19:17:43 0 [Note] InnoDB: Uses event mutexes
2024-05-17 19:17:43 0 [Note] InnoDB: Compressed tables use zlib 1.3
2024-05-17 19:17:43 0 [Note] InnoDB: Number of pools: 1
2024-05-17 19:17:43 0 [Note] InnoDB: Using SSE2 crc32 instructions
2024-05-17 19:17:43 0 [Note] InnoDB: Initializing buffer pool, total size = 16M, instances = 1, chunk size = 16M
2024-05-17 19:17:43 0 [Note] InnoDB: Completed initialization of buffer pool
2024-05-17 19:17:43 0 [Note] InnoDB: Starting crash recovery from checkpoint LSN=874794
2024-05-17 19:17:43 0 [Note] InnoDB: 128 out of 128 rollback segments are active.
2024-05-17 19:17:43 0 [Note] InnoDB: Removed temporary tablespace data file: "ibtmp1"
2024-05-17 19:17:43 0 [Note] InnoDB: Creating shared tablespace for temporary tables
2024-05-17 19:17:43 0 [Note] InnoDB: Setting file 'C:\Users\LC230919\Desktop\Laravel-maj\mysql\data\ibtmp1' size to 12 MB. Physically writing the file full; Please wait ...
2024-05-17 19:17:43 0 [Note] InnoDB: File 'C:\Users\LC230919\Desktop\Laravel-maj\mysql\data\ibtmp1' size is now 12 MB.
2024-05-17 19:17:43 0 [Note] InnoDB: Waiting for purge to start
2024-05-17 19:17:43 0 [Note] InnoDB: 10.4.32 started; log sequence number 874803; transaction id 832
2024-05-17 19:17:43 0 [Note] InnoDB: Loading buffer pool(s) from C:\Users\LC230919\Desktop\Laravel-maj\mysql\data\ib_buffer_pool
2024-05-17 19:17:43 0 [Note] Plugin 'FEEDBACK' is disabled.
2024-05-17 19:17:43 0 [Note] InnoDB: Buffer pool(s) load completed at 240517 19:17:43
2024-05-17 19:17:43 0 [Note] Server socket created on IP: '::'.
